<?xml version="1.0" encoding="UTF-8"?>
<!-- Generated by org.testng.reporters.JUnitReportReporter -->
<testsuite hostname="8F3XQT2" failures="0" tests="1" name="com.djt.testcases.RightNavigation.RightNavigatio_Testcases" time="45.973" errors="0" timestamp="11 Oct 2023 11:38:15 GMT" skipped="0">
  <testcase classname="com.djt.testcases.RightNavigation.RightNavigatio_Testcases" name="rightNavigation" time="45.973"/>
</testsuite> <!-- com.djt.testcases.RightNavigation.RightNavigatio_Testcases -->
