<?xml version="1.0" encoding="UTF-8"?>
<!-- Generated by org.testng.reporters.JUnitReportReporter -->
<testsuite hostname="8F3XQT2" failures="0" tests="1" name="com.djt.testcases.testbase.Adress_set.Adress_set" time="9.141" errors="0" timestamp="11 Oct 2023 11:38:15 GMT" skipped="0">
  <testcase classname="com.djt.testcases.testbase.Adress_set.Adress_set" name="setaddress" time="9.141"/>
</testsuite> <!-- com.djt.testcases.testbase.Adress_set.Adress_set -->
