<?xml version="1.0" encoding="UTF-8"?>
<!-- Generated by org.testng.reporters.JUnitReportReporter -->
<testsuite hostname="8F3XQT2" failures="0" tests="1" name="com.djt.testcases.testbase.login.login" time="25.563" errors="0" timestamp="11 Oct 2023 11:38:15 GMT" skipped="0">
  <testcase classname="com.djt.testcases.testbase.login.login" name="loginnumber" time="25.563"/>
</testsuite> <!-- com.djt.testcases.testbase.login.login -->
